<?xml version="1.0" encoding="UTF-8"?>
<!-- Generated by org.testng.reporters.JUnitXMLReporter -->
<testsuite hostname="P3ALAP-4JM1NW2" ignored="0" name="Test" tests="1" failures="1" timestamp="19 Jul 2020 06:47:43 GMT" time="36.56" errors="0">
  <testcase name="checkOutSuccess" time="36.486" classname="testPkg.checkoutFlowcreditCard">
    <failure type="java.lang.AssertionError" message="expected [18000] but found [20,000]">
      <![CDATA[java.lang.AssertionError: expected [18000] but found [20,000]
at testPkg.checkoutFlowcreditCard.checkOutSuccess(checkoutFlowcreditCard.java:98)
... Removed 35 stack frames]]>
    </failure>
  </testcase> <!-- checkOutSuccess -->
</testsuite> <!-- Test -->
